<?xml version="1.0" encoding="UTF-8"?>
<testsuite name="GET /products" tests="2" skipped="0" failures="0" errors="0" timestamp="2023-02-14T11:18:01" hostname="Bouchninas-MacBook-Pro.local" time="0.081">
  <properties/>
  <testcase name="should return PRODUCT LIST if given SKUS are valid products()" classname="de.imedia24.shop.controller.ProductControllerTest$GetProductsBySkuIn" time="0.074"/>
  <testcase name="should return Not Found for given SKUS ()" classname="de.imedia24.shop.controller.ProductControllerTest$GetProductsBySkuIn" time="0.007"/>
  <system-out><![CDATA[2023-02-14 12:17:59.734  INFO 31442 --- [    Test worker] d.i.s.c.ProductControllerTest            : Starting ProductControllerTest using Java 15.0.10 on Bouchninas-MBP with PID 31442 (started by brahimb in /Users/brahimb/Desktop/pokeapp/imedia24-coding-challenge)
2023-02-14 12:17:59.737  INFO 31442 --- [    Test worker] d.i.s.c.ProductControllerTest            : No active profile set, falling back to default profiles: default
2023-02-14 12:17:59.953  INFO 31442 --- [    Test worker] .s.d.r.c.RepositoryConfigurationDelegate : Bootstrapping Spring Data JPA repositories in DEFERRED mode.
2023-02-14 12:17:59.970  INFO 31442 --- [    Test worker] .s.d.r.c.RepositoryConfigurationDelegate : Finished Spring Data repository scanning in 14 ms. Found 1 JPA repository interfaces.
2023-02-14 12:18:00.320  INFO 31442 --- [    Test worker] o.f.c.i.l.VersionPrinter                 : Flyway Community Edition 7.1.1 by Redgate
2023-02-14 12:18:00.323  INFO 31442 --- [    Test worker] c.z.h.HikariDataSource                   : HikariPool-1 - Starting...
2023-02-14 12:18:00.392  INFO 31442 --- [    Test worker] c.z.h.HikariDataSource                   : HikariPool-1 - Start completed.
2023-02-14 12:18:00.402  INFO 31442 --- [    Test worker] o.f.c.i.d.b.DatabaseType                 : Database: jdbc:h2:mem:testdb (H2 1.4)
2023-02-14 12:18:00.429  INFO 31442 --- [    Test worker] o.f.c.i.c.DbValidate                     : Successfully validated 1 migration (execution time 00:00.008s)
2023-02-14 12:18:00.434  INFO 31442 --- [    Test worker] o.f.c.i.s.JdbcTableSchemaHistory         : Creating Schema History table "PUBLIC"."flyway_schema_history" ...
2023-02-14 12:18:00.457  INFO 31442 --- [    Test worker] o.f.c.i.c.DbMigrate                      : Current version of schema "PUBLIC": << Empty Schema >>
2023-02-14 12:18:00.458  INFO 31442 --- [    Test worker] o.f.c.i.c.DbMigrate                      : Migrating schema "PUBLIC" to version "0.0.1 - Initial"
2023-02-14 12:18:00.467  INFO 31442 --- [    Test worker] o.f.c.i.c.DbMigrate                      : Successfully applied 1 migration to schema "PUBLIC" (execution time 00:00.014s)
2023-02-14 12:18:00.493  INFO 31442 --- [    Test worker] o.s.s.c.ThreadPoolTaskExecutor           : Initializing ExecutorService 'applicationTaskExecutor'
2023-02-14 12:18:00.513  INFO 31442 --- [         task-1] o.h.j.i.u.LogHelper                      : HHH000204: Processing PersistenceUnitInfo [name: default]
2023-02-14 12:18:00.534  INFO 31442 --- [         task-1] o.h.Version                              : HHH000412: Hibernate ORM core version 5.4.28.Final
2023-02-14 12:18:00.549  INFO 31442 --- [         task-1] o.h.a.c.Version                          : HCANN000001: Hibernate Commons Annotations {5.1.2.Final}
2023-02-14 12:18:00.597  WARN 31442 --- [    Test worker] JpaBaseConfiguration$JpaWebConfiguration : spring.jpa.open-in-view is enabled by default. Therefore, database queries may be performed during view rendering. Explicitly configure spring.jpa.open-in-view to disable this warning
2023-02-14 12:18:00.612  INFO 31442 --- [         task-1] o.h.d.Dialect                            : HHH000400: Using dialect: org.hibernate.dialect.H2Dialect
2023-02-14 12:18:00.765  INFO 31442 --- [         task-1] o.h.e.t.j.p.i.JtaPlatformInitiator       : HHH000490: Using JtaPlatform implementation: [org.hibernate.engine.transaction.jta.platform.internal.NoJtaPlatform]
2023-02-14 12:18:00.771  INFO 31442 --- [         task-1] j.LocalContainerEntityManagerFactoryBean : Initialized JPA EntityManagerFactory for persistence unit 'default'
2023-02-14 12:18:00.830  INFO 31442 --- [    Test worker] o.s.b.t.m.w.SpringBootMockServletContext : Initializing Spring TestDispatcherServlet ''
2023-02-14 12:18:00.831  INFO 31442 --- [    Test worker] o.s.t.w.s.TestDispatcherServlet          : Initializing Servlet ''
2023-02-14 12:18:00.831  INFO 31442 --- [    Test worker] o.s.t.w.s.TestDispatcherServlet          : Completed initialization in 0 ms
2023-02-14 12:18:00.837  INFO 31442 --- [    Test worker] DeferredRepositoryInitializationListener : Triggering deferred initialization of Spring Data repositories…
2023-02-14 12:18:01.012  INFO 31442 --- [    Test worker] DeferredRepositoryInitializationListener : Spring Data repositories initialized!
2023-02-14 12:18:01.016  INFO 31442 --- [    Test worker] d.i.s.c.ProductControllerTest            : Started ProductControllerTest in 1.411 seconds (JVM running for 1.982)
2023-02-14 12:18:01.029  INFO 31442 --- [    Test worker] .b.t.c.SpringBootTestContextBootstrapper : Neither @ContextConfiguration nor @ContextHierarchy found for test class [de.imedia24.shop.controller.ProductControllerTest$GetProductsBySkuIn], using SpringBootContextLoader
2023-02-14 12:18:01.030  INFO 31442 --- [    Test worker] o.s.t.c.s.AbstractContextLoader          : Could not detect default resource locations for test class [de.imedia24.shop.controller.ProductControllerTest$GetProductsBySkuIn]: no resource found for suffixes {-context.xml, Context.groovy}.
2023-02-14 12:18:01.030  INFO 31442 --- [    Test worker] t.c.s.AnnotationConfigContextLoaderUtils : Could not detect default configuration classes for test class [de.imedia24.shop.controller.ProductControllerTest$GetProductsBySkuIn]: GetProductsBySkuIn does not declare any static, non-private, non-final, nested classes annotated with @Configuration.
2023-02-14 12:18:01.031  INFO 31442 --- [    Test worker] .b.t.c.SpringBootTestContextBootstrapper : Found @SpringBootConfiguration de.imedia24.shop.ShopApplication for test class de.imedia24.shop.controller.ProductControllerTest$GetProductsBySkuIn
2023-02-14 12:18:01.032  INFO 31442 --- [    Test worker] .b.t.c.SpringBootTestContextBootstrapper : Loaded default TestExecutionListener class names from location [META-INF/spring.factories]: [org.springframework.boot.test.autoconfigure.restdocs.RestDocsTestExecutionListener, org.springframework.boot.test.autoconfigure.web.client.MockRestServiceServerResetTestExecutionListener, org.springframework.boot.test.autoconfigure.web.servlet.MockMvcPrintOnlyOnFailureTestExecutionListener, org.springframework.boot.test.autoconfigure.web.servlet.WebDriverTestExecutionListener, org.springframework.boot.test.autoconfigure.webservices.client.MockWebServiceServerTestExecutionListener, org.springframework.boot.test.mock.mockito.MockitoTestExecutionListener, org.springframework.boot.test.mock.mockito.ResetMocksTestExecutionListener, org.springframework.test.context.web.ServletTestExecutionListener, org.springframework.test.context.support.DirtiesContextBeforeModesTestExecutionListener, org.springframework.test.context.event.ApplicationEventsTestExecutionListener, org.springframework.test.context.support.DependencyInjectionTestExecutionListener, org.springframework.test.context.support.DirtiesContextTestExecutionListener, org.springframework.test.context.transaction.TransactionalTestExecutionListener, org.springframework.test.context.jdbc.SqlScriptsTestExecutionListener, org.springframework.test.context.event.EventPublishingTestExecutionListener]
2023-02-14 12:18:01.033  INFO 31442 --- [    Test worker] .b.t.c.SpringBootTestContextBootstrapper : Using TestExecutionListeners: [org.springframework.test.context.web.ServletTestExecutionListener@c4ece25, org.springframework.test.context.support.DirtiesContextBeforeModesTestExecutionListener@61793ad5, org.springframework.test.context.event.ApplicationEventsTestExecutionListener@ea43773, org.springframework.boot.test.mock.mockito.MockitoTestExecutionListener@5d1ed5c4, org.springframework.boot.test.autoconfigure.SpringBootDependencyInjectionTestExecutionListener@275b07a4, org.springframework.test.context.support.DirtiesContextTestExecutionListener@f5c3e08, org.springframework.test.context.transaction.TransactionalTestExecutionListener@206c9f3f, org.springframework.test.context.jdbc.SqlScriptsTestExecutionListener@b77ce03, org.springframework.test.context.event.EventPublishingTestExecutionListener@74ee8eee, org.springframework.boot.test.autoconfigure.restdocs.RestDocsTestExecutionListener@1a2c4205, org.springframework.boot.test.autoconfigure.web.client.MockRestServiceServerResetTestExecutionListener@5e7da318, org.springframework.boot.test.autoconfigure.web.servlet.MockMvcPrintOnlyOnFailureTestExecutionListener@6bcf7902, org.springframework.boot.test.autoconfigure.web.servlet.WebDriverTestExecutionListener@6bd6036b, org.springframework.boot.test.autoconfigure.webservices.client.MockWebServiceServerTestExecutionListener@1312587e, org.springframework.boot.test.mock.mockito.ResetMocksTestExecutionListener@20c44c67]

MockHttpServletRequest:
      HTTP Method = GET
      Request URI = /products
       Parameters = {skus=[1,2]}
          Headers = []
             Body = null
    Session Attrs = {}

Handler:
             Type = de.imedia24.shop.controller.ProductController
           Method = de.imedia24.shop.controller.ProductController#findProductsBySkus(Set)

Async:
    Async started = false
     Async result = null

Resolved Exception:
             Type = null

ModelAndView:
        View name = null
             View = null
            Model = null

FlashMap:
       Attributes = null

MockHttpServletResponse:
           Status = 200
    Error message = null
          Headers = [Content-Type:"application/json;charset=utf-8"]
     Content type = application/json;charset=utf-8
             Body = [{"sku":"1","name":"Product 1","description":"description for product 1","price":25.3,"stock":10},{"sku":"2","name":"Product 2","description":"description for product 2","price":30.3,"stock":20}]
    Forwarded URL = null
   Redirected URL = null
          Cookies = []

MockHttpServletRequest:
      HTTP Method = GET
      Request URI = /products/skus=1,2
       Parameters = {}
          Headers = []
             Body = null
    Session Attrs = {}

Handler:
             Type = org.springframework.web.servlet.resource.ResourceHttpRequestHandler

Async:
    Async started = false
     Async result = null

Resolved Exception:
             Type = null

ModelAndView:
        View name = null
             View = null
            Model = null

FlashMap:
       Attributes = null

MockHttpServletResponse:
           Status = 404
    Error message = null
          Headers = [Vary:"Origin", "Access-Control-Request-Method", "Access-Control-Request-Headers"]
     Content type = null
             Body = 
    Forwarded URL = null
   Redirected URL = null
          Cookies = []
]]></system-out>
  <system-err><![CDATA[]]></system-err>
</testsuite>
